Performing C++ SOURCE FILE Test CMAKE_HAVE_LIBC_PTHREAD failed with the following output:
Change Dir: /home/jr/Desktop/SmartLock/build/CMakeFiles/CMakeTmp

Run Build Command(s):/usr/bin/make cmTC_04413/fast && /usr/bin/make -f CMakeFiles/cmTC_04413.dir/build.make CMakeFiles/cmTC_04413.dir/build
make[1]: Entering directory '/home/jr/Desktop/SmartLock/build/CMakeFiles/CMakeTmp'
Building CXX object CMakeFiles/cmTC_04413.dir/src.cxx.o
/usr/bin/clang++-10    -DCMAKE_HAVE_LIBC_PTHREAD   -o CMakeFiles/cmTC_04413.dir/src.cxx.o -c /home/jr/Desktop/SmartLock/build/CMakeFiles/CMakeTmp/src.cxx
Linking CXX executable cmTC_04413
/usr/bin/cmake -E cmake_link_script CMakeFiles/cmTC_04413.dir/link.txt --verbose=1
/usr/bin/clang++-10   -DCMAKE_HAVE_LIBC_PTHREAD    -rdynamic CMakeFiles/cmTC_04413.dir/src.cxx.o  -o cmTC_04413 
/usr/bin/ld: CMakeFiles/cmTC_04413.dir/src.cxx.o: in function `main':
src.cxx:(.text+0x35): undefined reference to `pthread_create'
/usr/bin/ld: src.cxx:(.text+0x41): undefined reference to `pthread_detach'
/usr/bin/ld: src.cxx:(.text+0x53): undefined reference to `pthread_join'
clang: error: linker command failed with exit code 1 (use -v to see invocation)
make[1]: *** [CMakeFiles/cmTC_04413.dir/build.make:87: cmTC_04413] Error 1
make[1]: Leaving directory '/home/jr/Desktop/SmartLock/build/CMakeFiles/CMakeTmp'
make: *** [Makefile:121: cmTC_04413/fast] Error 2


Source file was:
#include <pthread.h>

void* test_func(void* data)
{
  return data;
}

int main(void)
{
  pthread_t thread;
  pthread_create(&thread, NULL, test_func, NULL);
  pthread_detach(thread);
  pthread_join(thread, NULL);
  pthread_atfork(NULL, NULL, NULL);
  pthread_exit(NULL);

  return 0;
}

Determining if the function pthread_create exists in the pthreads failed with the following output:
Change Dir: /home/jr/Desktop/SmartLock/build/CMakeFiles/CMakeTmp

Run Build Command(s):/usr/bin/make cmTC_1cbaa/fast && /usr/bin/make -f CMakeFiles/cmTC_1cbaa.dir/build.make CMakeFiles/cmTC_1cbaa.dir/build
make[1]: Entering directory '/home/jr/Desktop/SmartLock/build/CMakeFiles/CMakeTmp'
Building CXX object CMakeFiles/cmTC_1cbaa.dir/CheckFunctionExists.cxx.o
/usr/bin/clang++-10    -DCHECK_FUNCTION_EXISTS=pthread_create   -o CMakeFiles/cmTC_1cbaa.dir/CheckFunctionExists.cxx.o -c /home/jr/Desktop/SmartLock/build/CMakeFiles/CheckLibraryExists/CheckFunctionExists.cxx
Linking CXX executable cmTC_1cbaa
/usr/bin/cmake -E cmake_link_script CMakeFiles/cmTC_1cbaa.dir/link.txt --verbose=1
/usr/bin/clang++-10   -DCHECK_FUNCTION_EXISTS=pthread_create    -rdynamic CMakeFiles/cmTC_1cbaa.dir/CheckFunctionExists.cxx.o  -o cmTC_1cbaa  -lpthreads 
/usr/bin/ld: cannot find -lpthreads
clang: error: linker command failed with exit code 1 (use -v to see invocation)
make[1]: *** [CMakeFiles/cmTC_1cbaa.dir/build.make:87: cmTC_1cbaa] Error 1
make[1]: Leaving directory '/home/jr/Desktop/SmartLock/build/CMakeFiles/CMakeTmp'
make: *** [Makefile:121: cmTC_1cbaa/fast] Error 2



